<?xml version="1.0" encoding="UTF-8"?>
<!-- Generated by org.testng.reporters.JUnitReportReporter -->
<testsuite hostname="HP_WhitePearl" name="Test.FacebookTest" tests="1" failures="0" timestamp="20 Jan 2021 18:22:00 GMT" time="15.301" errors="0">
  <testcase name="loginToFacebook" time="15.301" classname="Test.FacebookTest"/>
</testsuite> <!-- Test.FacebookTest -->
